[0m11:10:07.273363 [debug] [MainThread]: Sending event: {'category': 'dbt', 'action': 'invocation', 'label': 'start', 'context': [<snowplow_tracker.self_describing_json.SelfDescribingJson object at 0x0000023FD2F04B20>, <snowplow_tracker.self_describing_json.SelfDescribingJson object at 0x0000023FD5756D00>, <snowplow_tracker.self_describing_json.SelfDescribingJson object at 0x0000023FD5756B20>]}


============================== 11:10:07.278359 | fc7b4d2e-e93d-49a6-9567-a37abd2e2187 ==============================
[0m11:10:07.278359 [info ] [MainThread]: Running with dbt=1.5.0
[0m11:10:07.279360 [debug] [MainThread]: running dbt with arguments {'printer_width': '80', 'indirect_selection': 'eager', 'log_cache_events': 'False', 'write_json': 'True', 'partial_parse': 'True', 'cache_selected_only': 'False', 'profiles_dir': 'C:\\Users\\nimz\\Documents\\de_zoomcamp\\week4_analytics_engineering\\dbt_local', 'version_check': 'True', 'fail_fast': 'False', 'log_path': 'logs', 'debug': 'False', 'warn_error': 'None', 'use_colors': 'True', 'use_experimental_parser': 'False', 'no_print': 'None', 'quiet': 'False', 'log_format': 'default', 'introspect': 'True', 'warn_error_options': 'WarnErrorOptions(include=[], exclude=[])', 'static_parser': 'True', 'target_path': 'None', 'send_anonymous_usage_stats': 'True'}
[0m11:10:28.319909 [debug] [MainThread]: Starter project path: C:\Users\nimz\.conda\envs\zoom\lib\site-packages\dbt\include\starter_project
[0m11:10:30.609999 [info ] [MainThread]: 
Your new dbt project "taxi_data" was created!

For more information on how to configure the profiles.yml file,
please consult the dbt documentation here:

  https://docs.getdbt.com/docs/configure-your-profile

One more thing:

Need help? Don't hesitate to reach out to us via GitHub issues or on Slack:

  https://community.getdbt.com/

Happy modeling!

[0m11:10:30.612000 [debug] [MainThread]: Command `dbt init` succeeded at 11:10:30.612000 after 23.36 seconds
[0m11:10:30.612000 [debug] [MainThread]: Sending event: {'category': 'dbt', 'action': 'invocation', 'label': 'end', 'context': [<snowplow_tracker.self_describing_json.SelfDescribingJson object at 0x0000023FD2F04B20>, <snowplow_tracker.self_describing_json.SelfDescribingJson object at 0x0000023FD31DBA00>, <snowplow_tracker.self_describing_json.SelfDescribingJson object at 0x0000023FD336A220>]}
[0m11:10:30.613002 [debug] [MainThread]: Flushing usage events
[0m11:15:57.011407 [debug] [MainThread]: Sending event: {'category': 'dbt', 'action': 'invocation', 'label': 'start', 'context': [<snowplow_tracker.self_describing_json.SelfDescribingJson object at 0x000001B1508D6610>, <snowplow_tracker.self_describing_json.SelfDescribingJson object at 0x000001B153126D30>, <snowplow_tracker.self_describing_json.SelfDescribingJson object at 0x000001B153126A90>]}


============================== 11:15:57.015405 | c3770395-365b-4f33-a73a-c32630dbed83 ==============================
[0m11:15:57.015405 [info ] [MainThread]: Running with dbt=1.5.0
[0m11:15:57.016407 [debug] [MainThread]: running dbt with arguments {'printer_width': '80', 'indirect_selection': 'eager', 'log_cache_events': 'False', 'write_json': 'True', 'partial_parse': 'True', 'cache_selected_only': 'False', 'warn_error': 'None', 'version_check': 'True', 'profiles_dir': 'C:\\Users\\nimz\\Documents\\de_zoomcamp\\week4_analytics_engineering\\dbt_local', 'log_path': 'logs', 'fail_fast': 'False', 'debug': 'False', 'use_colors': 'True', 'use_experimental_parser': 'False', 'no_print': 'None', 'quiet': 'False', 'warn_error_options': 'WarnErrorOptions(include=[], exclude=[])', 'introspect': 'True', 'log_format': 'default', 'static_parser': 'True', 'target_path': 'None', 'send_anonymous_usage_stats': 'True'}
[0m11:15:57.017405 [info ] [MainThread]: dbt version: 1.5.0
[0m11:15:57.017405 [info ] [MainThread]: python version: 3.9.16
[0m11:15:57.018405 [info ] [MainThread]: python path: C:\Users\nimz\.conda\envs\zoom\python.exe
[0m11:15:57.019405 [info ] [MainThread]: os info: Windows-10-10.0.19044-SP0
[0m11:15:57.019405 [info ] [MainThread]: Using profiles.yml file at C:\Users\nimz\Documents\de_zoomcamp\week4_analytics_engineering\dbt_local\profiles.yml
[0m11:15:57.020405 [info ] [MainThread]: Using dbt_project.yml file at C:\Users\nimz\Documents\de_zoomcamp\week4_analytics_engineering\dbt_local\dbt_project.yml
[0m11:15:57.020405 [info ] [MainThread]: Configuration:
[0m11:15:57.058404 [info ] [MainThread]:   profiles.yml file [[31mERROR invalid[0m]
[0m11:15:57.059406 [info ] [MainThread]:   dbt_project.yml file [[31mERROR not found[0m]
[0m11:15:57.060405 [info ] [MainThread]: Required dependencies:
[0m11:15:57.060405 [debug] [MainThread]: Executing "git --help"
[0m11:15:57.086406 [debug] [MainThread]: STDOUT: "b"usage: git [--version] [--help] [-C <path>] [-c <name>=<value>]\n           [--exec-path[=<path>]] [--html-path] [--man-path] [--info-path]\n           [-p | --paginate | -P | --no-pager] [--no-replace-objects] [--bare]\n           [--git-dir=<path>] [--work-tree=<path>] [--namespace=<name>]\n           <command> [<args>]\n\nThese are common Git commands used in various situations:\n\nstart a working area (see also: git help tutorial)\n   clone             Clone a repository into a new directory\n   init              Create an empty Git repository or reinitialize an existing one\n\nwork on the current change (see also: git help everyday)\n   add               Add file contents to the index\n   mv                Move or rename a file, a directory, or a symlink\n   restore           Restore working tree files\n   rm                Remove files from the working tree and from the index\n   sparse-checkout   Initialize and modify the sparse-checkout\n\nexamine the history and state (see also: git help revisions)\n   bisect            Use binary search to find the commit that introduced a bug\n   diff              Show changes between commits, commit and working tree, etc\n   grep              Print lines matching a pattern\n   log               Show commit logs\n   show              Show various types of objects\n   status            Show the working tree status\n\ngrow, mark and tweak your common history\n   branch            List, create, or delete branches\n   commit            Record changes to the repository\n   merge             Join two or more development histories together\n   rebase            Reapply commits on top of another base tip\n   reset             Reset current HEAD to the specified state\n   switch            Switch branches\n   tag               Create, list, delete or verify a tag object signed with GPG\n\ncollaborate (see also: git help workflows)\n   fetch             Download objects and refs from another repository\n   pull              Fetch from and integrate with another repository or a local branch\n   push              Update remote refs along with associated objects\n\n'git help -a' and 'git help -g' list available subcommands and some\nconcept guides. See 'git help <command>' or 'git help <concept>'\nto read about a specific subcommand or concept.\nSee 'git help git' for an overview of the system.\n""
[0m11:15:57.086406 [debug] [MainThread]: STDERR: "b''"
[0m11:15:57.087404 [info ] [MainThread]:  - git [[32mOK found[0m]

[0m11:15:57.088404 [info ] [MainThread]: [31m2 checks failed:[0m
[0m11:15:57.089406 [info ] [MainThread]: Could not load dbt_project.yml

[0m11:15:57.089406 [info ] [MainThread]: Profile loading failed for the following reason:
Runtime Error
  Credentials in profile "taxi_data", target "dev" invalid: 'schema' is a required property


[0m11:15:57.090406 [debug] [MainThread]: Command `dbt debug` failed at 11:15:57.090406 after 0.10 seconds
[0m11:15:57.090406 [debug] [MainThread]: Sending event: {'category': 'dbt', 'action': 'invocation', 'label': 'end', 'context': [<snowplow_tracker.self_describing_json.SelfDescribingJson object at 0x000001B1508D6610>, <snowplow_tracker.self_describing_json.SelfDescribingJson object at 0x000001B15316BCA0>, <snowplow_tracker.self_describing_json.SelfDescribingJson object at 0x000001B14F8E5B80>]}
[0m11:15:57.091404 [debug] [MainThread]: Flushing usage events
