[0m17:16:29.373553 [debug] [MainThread]: Sending event: {'category': 'dbt', 'action': 'invocation', 'label': 'start', 'context': [<snowplow_tracker.self_describing_json.SelfDescribingJson object at 0x000001BEF89F6190>, <snowplow_tracker.self_describing_json.SelfDescribingJson object at 0x000001BEFCDBCE50>, <snowplow_tracker.self_describing_json.SelfDescribingJson object at 0x000001BEFCDBCD60>]}


============================== 17:16:29.379069 | 542ec842-6f2d-49ed-b134-50b18be8695f ==============================
[0m17:16:29.379069 [info ] [MainThread]: Running with dbt=1.6.1
[0m17:16:29.380070 [debug] [MainThread]: running dbt with arguments {'printer_width': '80', 'indirect_selection': 'eager', 'log_cache_events': 'False', 'write_json': 'True', 'partial_parse': 'True', 'cache_selected_only': 'False', 'warn_error': 'None', 'fail_fast': 'False', 'version_check': 'True', 'log_path': 'logs', 'debug': 'False', 'profiles_dir': '../', 'use_colors': 'True', 'use_experimental_parser': 'False', 'no_print': 'None', 'quiet': 'False', 'warn_error_options': 'WarnErrorOptions(include=[], exclude=[])', 'static_parser': 'True', 'log_format': 'default', 'invocation_command': 'dbt run -m stg_movie_data_languages --profiles-dir=../', 'target_path': 'None', 'introspect': 'True', 'send_anonymous_usage_stats': 'True'}
[0m17:16:29.381071 [error] [MainThread]: Encountered an error:
Runtime Error
  No dbt_project.yml found at expected path C:\Users\nimz\Documents\de_zoomcamp\project\dbt_project.yml
  Verify that each entry within packages.yml (and their transitive dependencies) contains a file named dbt_project.yml
  
[0m17:16:29.382070 [debug] [MainThread]: Command `dbt run` failed at 17:16:29.382070 after 0.02 seconds
[0m17:16:29.383069 [debug] [MainThread]: Sending event: {'category': 'dbt', 'action': 'invocation', 'label': 'end', 'context': [<snowplow_tracker.self_describing_json.SelfDescribingJson object at 0x000001BEF89F6190>, <snowplow_tracker.self_describing_json.SelfDescribingJson object at 0x000001BEFCDC9100>, <snowplow_tracker.self_describing_json.SelfDescribingJson object at 0x000001BEFCDC9D90>]}
[0m17:16:29.383069 [debug] [MainThread]: Flushing usage events
[0m17:17:14.521034 [debug] [MainThread]: Sending event: {'category': 'dbt', 'action': 'invocation', 'label': 'start', 'context': [<snowplow_tracker.self_describing_json.SelfDescribingJson object at 0x000002C4B67D6190>, <snowplow_tracker.self_describing_json.SelfDescribingJson object at 0x000002C4BAB9DE50>, <snowplow_tracker.self_describing_json.SelfDescribingJson object at 0x000002C4BAB9DD60>]}


============================== 17:17:14.525034 | cd297b03-afa9-42d8-9ef3-02dafd60bc06 ==============================
[0m17:17:14.525034 [info ] [MainThread]: Running with dbt=1.6.1
[0m17:17:14.526034 [debug] [MainThread]: running dbt with arguments {'printer_width': '80', 'indirect_selection': 'eager', 'log_cache_events': 'False', 'write_json': 'True', 'partial_parse': 'True', 'cache_selected_only': 'False', 'warn_error': 'None', 'debug': 'False', 'fail_fast': 'False', 'log_path': 'logs', 'version_check': 'True', 'profiles_dir': '../', 'use_colors': 'True', 'use_experimental_parser': 'False', 'no_print': 'None', 'quiet': 'False', 'log_format': 'default', 'static_parser': 'True', 'invocation_command': 'dbt run -m stg_movie_data_info --profiles-dir=../', 'introspect': 'True', 'target_path': 'None', 'warn_error_options': 'WarnErrorOptions(include=[], exclude=[])', 'send_anonymous_usage_stats': 'True'}
[0m17:17:14.527037 [error] [MainThread]: Encountered an error:
Runtime Error
  No dbt_project.yml found at expected path C:\Users\nimz\Documents\de_zoomcamp\project\dbt_project.yml
  Verify that each entry within packages.yml (and their transitive dependencies) contains a file named dbt_project.yml
  
[0m17:17:14.528034 [debug] [MainThread]: Command `dbt run` failed at 17:17:14.528034 after 0.02 seconds
[0m17:17:14.528034 [debug] [MainThread]: Sending event: {'category': 'dbt', 'action': 'invocation', 'label': 'end', 'context': [<snowplow_tracker.self_describing_json.SelfDescribingJson object at 0x000002C4B67D6190>, <snowplow_tracker.self_describing_json.SelfDescribingJson object at 0x000002C4BABAA100>, <snowplow_tracker.self_describing_json.SelfDescribingJson object at 0x000002C4BABAABE0>]}
[0m17:17:14.529035 [debug] [MainThread]: Flushing usage events
