[0m16:50:03.816134 [debug] [MainThread]: Sending event: {'category': 'dbt', 'action': 'invocation', 'label': 'start', 'context': [<snowplow_tracker.self_describing_json.SelfDescribingJson object at 0x000001A2100161F0>, <snowplow_tracker.self_describing_json.SelfDescribingJson object at 0x000001A2143DC970>, <snowplow_tracker.self_describing_json.SelfDescribingJson object at 0x000001A2143DCAF0>]}


============================== 16:50:03.822134 | bc265d57-063c-4697-87e3-f783f9b905d2 ==============================
[0m16:50:03.822134 [info ] [MainThread]: Running with dbt=1.6.1
[0m16:50:03.823138 [debug] [MainThread]: running dbt with arguments {'printer_width': '80', 'indirect_selection': 'eager', 'log_cache_events': 'False', 'write_json': 'True', 'partial_parse': 'True', 'cache_selected_only': 'False', 'warn_error': 'None', 'fail_fast': 'False', 'debug': 'False', 'log_path': 'logs', 'profiles_dir': 'C:\\Users\\nimz\\.dbt', 'version_check': 'True', 'use_colors': 'True', 'use_experimental_parser': 'False', 'no_print': 'None', 'quiet': 'False', 'warn_error_options': 'WarnErrorOptions(include=[], exclude=[])', 'static_parser': 'True', 'log_format': 'default', 'introspect': 'True', 'target_path': 'None', 'invocation_command': 'dbt init', 'send_anonymous_usage_stats': 'True'}
[0m16:50:03.824137 [warn ] [MainThread]: [ConfigFolderDirectory]: Unable to parse dict {'dir': WindowsPath('C:/Users/nimz/.dbt')}
[0m16:50:03.825135 [info ] [MainThread]: Creating dbt configuration folder at 
[0m16:50:15.822722 [debug] [MainThread]: Starter project path: C:\ProgramData\Miniconda3\envs\zoom_project\lib\site-packages\dbt\include\starter_project
[0m16:50:15.845120 [info ] [MainThread]: 
Your new dbt project "movie_data" was created!

For more information on how to configure the profiles.yml file,
please consult the dbt documentation here:

  https://docs.getdbt.com/docs/configure-your-profile

One more thing:

Need help? Don't hesitate to reach out to us via GitHub issues or on Slack:

  https://community.getdbt.com/

Happy modeling!

[0m16:50:15.846120 [info ] [MainThread]: Setting up your profile.
[0m16:50:21.346515 [info ] [MainThread]: Profile movie_data written to C:\Users\nimz\.dbt\profiles.yml using target's sample configuration. Once updated, you'll be able to start developing with dbt.
[0m16:50:21.347516 [debug] [MainThread]: Command `dbt init` succeeded at 16:50:21.347516 after 17.54 seconds
[0m16:50:21.348516 [debug] [MainThread]: Sending event: {'category': 'dbt', 'action': 'invocation', 'label': 'end', 'context': [<snowplow_tracker.self_describing_json.SelfDescribingJson object at 0x000001A2100161F0>, <snowplow_tracker.self_describing_json.SelfDescribingJson object at 0x000001A214348C40>, <snowplow_tracker.self_describing_json.SelfDescribingJson object at 0x000001A21198EB20>]}
[0m16:50:21.348516 [debug] [MainThread]: Flushing usage events
